<?xml version="1.0" encoding="UTF-8"?>
<!-- Generated by org.testng.reporters.JUnitXMLReporter -->

<testsuite ignored="0" hostname="DESKTOP-2O1IECR" failures="0" tests="1" name="Default test" time="0.032" errors="0" timestamp="2023-04-14T11:13:35 IST">
  <testcase classname="Sample.AdditionTest" name="add" time="0.005"/>

<testsuite ignored="0" hostname="DESKTOP-2O1IECR" failures="0" tests="1" name="Default test" time="0.039" errors="0" timestamp="2023-04-14T10:54:12 IST">
  <testcase classname="Sample.Sampletest" name="sample" time="0.007"/>

</testsuite> <!-- Default test -->
