<?xml version="1.0" encoding="UTF-8"?>
<testng-results ignored="0" total="1" passed="1" failed="0" skipped="0">
  <reporter-output>
  </reporter-output>
  <suite started-at="2023-04-14T11:32:42 IST" name="Default suite" finished-at="2023-04-14T11:32:42 IST" duration-ms="33">
    <groups>
    </groups>
    <test started-at="2023-04-14T11:32:42 IST" name="Default test" finished-at="2023-04-14T11:32:42 IST" duration-ms="33">
      <class name="Sample.SubtractTest">
        <test-method signature="subtract()[pri:0, instance:Sample.SubtractTest@18ce0030]" started-at="2023-04-14T11:32:42 IST" name="subtract" finished-at="2023-04-14T11:32:42 IST" duration-ms="6" status="PASS">
          <reporter-output>
          </reporter-output>
        </test-method> <!-- subtract -->
      </class> <!-- Sample.SubtractTest -->
    </test> <!-- Default test -->
  </suite> <!-- Default suite -->
</testng-results>
