<?xml version="1.0" encoding="UTF-8"?>
<testng-results ignored="0" total="1" passed="1" failed="0" skipped="0">
  <reporter-output>
  </reporter-output>
  <suite started-at="2023-04-14T11:00:17 IST" name="Default suite" finished-at="2023-04-14T11:00:17 IST" duration-ms="39">
    <groups>
    </groups>
    <test started-at="2023-04-14T11:00:17 IST" name="Default test" finished-at="2023-04-14T11:00:17 IST" duration-ms="39">
      <class name="Sample.Sample2Test">
        <test-method signature="add()[pri:0, instance:Sample.Sample2Test@18ce0030]" started-at="2023-04-14T11:00:17 IST" name="add" finished-at="2023-04-14T11:00:17 IST" duration-ms="8" status="PASS">
          <reporter-output>
          </reporter-output>
        </test-method> <!-- add -->
      </class> <!-- Sample.Sample2Test -->
    </test> <!-- Default test -->
  </suite> <!-- Default suite -->
</testng-results>
